#
# A fatal error has been detected by the Java Runtime Environment:
#
#  EXCEPTION_ACCESS_VIOLATION (0xc0000005) at pc=0x00007ffd1f97f126, pid=10244, tid=10932
#
# JRE version: Java(TM) SE Runtime Environment 18.9 (11.0.17+10) (build 11.0.17+10-LTS-269)
# Java VM: Java HotSpot(TM) 64-Bit Server VM 18.9 (11.0.17+10-LTS-269, mixed mode, tiered, compressed oops, g1 gc, windows-amd64)
# Problematic frame:
# V  [jvm.dll+0x1ff126]
#
# No core dump will be written. Minidumps are not enabled by default on client versions of Windows
#
# If you would like to submit a bug report, please visit:
#   https://bugreport.java.com/bugreport/crash.jsp
#

---------------  S U M M A R Y ------------

Command Line: -XX:MaxMetaspaceSize=512m --add-opens=java.base/java.util=ALL-UNNAMED --add-opens=java.base/java.lang=ALL-UNNAMED --add-opens=java.base/java.lang.invoke=ALL-UNNAMED --add-opens=java.base/java.util=ALL-UNNAMED --add-opens=java.prefs/java.util.prefs=ALL-UNNAMED --add-opens=java.prefs/java.util.prefs=ALL-UNNAMED --add-opens=java.base/java.nio.charset=ALL-UNNAMED --add-opens=java.base/java.net=ALL-UNNAMED --add-opens=java.base/java.util.concurrent.atomic=ALL-UNNAMED -Xmx2048m -Dfile.encoding=windows-1252 -Duser.country=US -Duser.language=en -Duser.variant org.gradle.launcher.daemon.bootstrap.GradleDaemon 7.5.1

Host: Intel(R) Core(TM) i5-2430M CPU @ 2.40GHz, 4 cores, 7G,  Windows 10 , 64 bit Build 18362 (10.0.18362.1110)
Time: Sat May 20 17:09:36 2023 Arab Standard Time elapsed time: 123.814335 seconds (0d 0h 2m 3s)

---------------  T H R E A D  ---------------

Current thread (0x00000162b84db800):  JavaThread "C2 CompilerThread1" daemon [_thread_in_native, id=10932, stack(0x0000004e73000000,0x0000004e73100000)]


Current CompileTask:
C2: 123814 9494       4       java.beans.Introspector::addMethod (196 bytes)

Stack: [0x0000004e73000000,0x0000004e73100000],  sp=0x0000004e730fb540,  free space=1005k
Native frames: (J=compiled Java code, j=interpreted, Vv=VM code, C=native code)
V  [jvm.dll+0x1ff126]
V  [jvm.dll+0x1fe549]
V  [jvm.dll+0x30f729]
V  [jvm.dll+0x31139e]
V  [jvm.dll+0x30ed03]
V  [jvm.dll+0x30e25a]
V  [jvm.dll+0x1f8733]
V  [jvm.dll+0x1f78fd]
V  [jvm.dll+0x177c91]
V  [jvm.dll+0x207296]
V  [jvm.dll+0x20542b]
V  [jvm.dll+0x72b2c0]
V  [jvm.dll+0x723e64]
V  [jvm.dll+0x62a485]
C  [ucrtbase.dll+0x210b2]
C  [KERNEL32.DLL+0x17c24]
C  [ntdll.dll+0x6d4d1]


siginfo: EXCEPTION_ACCESS_VIOLATION (0xc0000005), reading address 0x0000000000000000


Register to memory mapping:

RIP=0x00007ffd1f97f126 jvm.dll
RAX=0x00000162b72577c0 is pointing into metadata
RBX=0x0000004e730fe2c0 is pointing into the stack for thread: 0x00000162b84db800
RCX=0x0 is NULL
RDX=0x0000004e730fe578 is pointing into the stack for thread: 0x00000162b84db800
RSP=0x0000004e730fb540 is pointing into the stack for thread: 0x00000162b84db800
RBP=0x0000004e730fb740 is pointing into the stack for thread: 0x00000162b84db800
RSI=0x00000162b47b4478 points into unknown readable memory: 0x00007ffd1ffb2a50 | 50 2a fb 1f fd 7f 00 00
RDI=0x00000162b72577c0 is pointing into metadata
R8 =0x00000162b82c22d0 points into unknown readable memory: 0x00007ffd2004bc70 | 70 bc 04 20 fd 7f 00 00
R9 =0x0 is NULL
R10=0x00000162b5770220 points into unknown readable memory: 0x00000162b47b4410 | 10 44 7b b4 62 01 00 00
R11=0x00000162b5770240 points into unknown readable memory: 0x00000162b8eb8028 | 28 80 eb b8 62 01 00 00
R12=0x0000004e730fbd00 is pointing into the stack for thread: 0x00000162b84db800
R13=0x00000162b72577c0 is pointing into metadata
R14=0x00000162b8eb8380 points into unknown readable memory: 0x00007ffd1ff414e8 | e8 14 f4 1f fd 7f 00 00
R15=0x00000000000000b8 is an unknown value


Registers:
RAX=0x00000162b72577c0, RBX=0x0000004e730fe2c0, RCX=0x0000000000000000, RDX=0x0000004e730fe578
RSP=0x0000004e730fb540, RBP=0x0000004e730fb740, RSI=0x00000162b47b4478, RDI=0x00000162b72577c0
R8 =0x00000162b82c22d0, R9 =0x0000000000000000, R10=0x00000162b5770220, R11=0x00000162b5770240
R12=0x0000004e730fbd00, R13=0x00000162b72577c0, R14=0x00000162b8eb8380, R15=0x00000000000000b8
RIP=0x00007ffd1f97f126, EFLAGS=0x0000000000010206

Top of Stack: (sp=0x0000004e730fb540)
0x0000004e730fb540:   0000004e730fe2c0 00000162b47b4478
0x0000004e730fb550:   00000162b572c320 00000162b25c5470
0x0000004e730fb560:   0000016200000028 0000000000000000
0x0000004e730fb570:   0000000000000000 00007ffd1feb6bdb
0x0000004e730fb580:   0000000000000001 00007ffd1f882bf4
0x0000004e730fb590:   0000004e730fe970 00000162b8eb8380
0x0000004e730fb5a0:   00000162b7a567e8 0000004e730fbd00
0x0000004e730fb5b0:   00000162b47b4478 0000004e730fb740
0x0000004e730fb5c0:   0000004e730fe2c0 00007ffd1f97e549
0x0000004e730fb5d0:   0000004e730fe2c0 0000000000000000
0x0000004e730fb5e0:   00000162b8eb8380 0000000000000000
0x0000004e730fb5f0:   0000004e730fbd00 0000004e730fbd00
0x0000004e730fb600:   00000162b8eb8638 00007ffd1feb7f29
0x0000004e730fb610:   00000162b8eb8380 00000162b8eb8380
0x0000004e730fb620:   0000004e730fbd00 00000162b8eb8638
0x0000004e730fb630:   00000162b47b4478 00007ffd1fa8f729 

Instructions: (pc=0x00007ffd1f97f126)
0x00007ffd1f97f106:   05 85 d6 87 00 45 8b c7 b9 04 00 00 00 48 8b 50
0x00007ffd1f97f116:   30 e8 94 98 53 00 4c 8b e8 48 8b f8 49 8b 4d 30
0x00007ffd1f97f126:   48 8b 11 ff 52 68 84 c0 74 55 48 8b 0d 69 d5 87
0x00007ffd1f97f136:   00 48 8b 01 ff 90 d8 00 00 00 48 8b d8 48 85 c0 


Stack slot to memory mapping:
stack at sp + 0 slots: 0x0000004e730fe2c0 is pointing into the stack for thread: 0x00000162b84db800
stack at sp + 1 slots: 0x00000162b47b4478 points into unknown readable memory: 0x00007ffd1ffb2a50 | 50 2a fb 1f fd 7f 00 00
stack at sp + 2 slots: 0x00000162b572c320 points into unknown readable memory: 0x0000000200000002 | 02 00 00 00 02 00 00 00
stack at sp + 3 slots: 0x00000162b25c5470 points into unknown readable memory: 0x0000004e730fe578 | 78 e5 0f 73 4e 00 00 00
stack at sp + 4 slots: 0x0000016200000028 is an unknown value
stack at sp + 5 slots: 0x0 is NULL
stack at sp + 6 slots: 0x0 is NULL
stack at sp + 7 slots: 0x00007ffd1feb6bdb jvm.dll


---------------  P R O C E S S  ---------------

Threads class SMR info:
_java_thread_list=0x00000162b855dc80, length=88, elements={
0x000001629197f800, 0x00000162af90f800, 0x00000162af913000, 0x00000162af92d000,
0x00000162af92e000, 0x00000162af931000, 0x00000162af932000, 0x00000162af97d000,
0x00000162af9e5000, 0x00000162afae6000, 0x00000162b0ce1000, 0x00000162b0ed0800,
0x00000162b1ec0000, 0x00000162b1ec1000, 0x00000162afb9f800, 0x00000162b13b5000,
0x00000162b142a000, 0x00000162b1ca3000, 0x00000162b0043000, 0x00000162afe18800,
0x00000162afe1b800, 0x00000162afe1c800, 0x00000162afe19000, 0x00000162afe1a000,
0x00000162afe17000, 0x00000162afe1d800, 0x00000162afe17800, 0x00000162afe1b000,
0x00000162b191b000, 0x00000162b1919800, 0x00000162b1917800, 0x00000162b191b800,
0x00000162b1918800, 0x00000162b191f000, 0x00000162b1922800, 0x00000162b1923000,
0x00000162b1920800, 0x00000162b1921800, 0x00000162b1920000, 0x00000162b191d800,
0x00000162b1924000, 0x00000162b191e000, 0x00000162b1924800, 0x00000162b1925800,
0x00000162b1926800, 0x00000162b410a000, 0x00000162b4107800, 0x00000162b4106000,
0x00000162b4108800, 0x00000162b4109800, 0x00000162b410b000, 0x00000162b4107000,
0x00000162b4105800, 0x00000162b410c000, 0x00000162b56eb800, 0x00000162b56ef800,
0x00000162b56f2000, 0x00000162b56ec000, 0x00000162b56ed000, 0x00000162b56ee800,
0x00000162b56f0000, 0x00000162b56ed800, 0x00000162b56f3800, 0x00000162b56f2800,
0x00000162b56f4800, 0x00000162b56f6000, 0x00000162b56f5000, 0x00000162b56f6800,
0x00000162b56f1000, 0x00000162b56f7800, 0x00000162b56fa000, 0x00000162b56f9000,
0x00000162b56f8800, 0x00000162b3b50800, 0x00000162b3b51800, 0x00000162b3b52000,
0x00000162b3b4c800, 0x00000162b3b4e000, 0x00000162b3b53000, 0x00000162b3b4d000,
0x00000162b3b53800, 0x00000162b3b54800, 0x00000162b3b4f000, 0x00000162b3b58800,
0x00000162b3b5b000, 0x00000162b3b58000, 0x00000162b3b59800, 0x00000162b84db800
}

Java Threads: ( => current thread )
  0x000001629197f800 JavaThread "main" [_thread_blocked, id=1032, stack(0x0000004e6cf00000,0x0000004e6d000000)]
  0x00000162af90f800 JavaThread "Reference Handler" daemon [_thread_blocked, id=6588, stack(0x0000004e6d600000,0x0000004e6d700000)]
  0x00000162af913000 JavaThread "Finalizer" daemon [_thread_blocked, id=3456, stack(0x0000004e6d700000,0x0000004e6d800000)]
  0x00000162af92d000 JavaThread "Signal Dispatcher" daemon [_thread_blocked, id=3580, stack(0x0000004e6d800000,0x0000004e6d900000)]
  0x00000162af92e000 JavaThread "Attach Listener" daemon [_thread_blocked, id=1028, stack(0x0000004e6d900000,0x0000004e6da00000)]
  0x00000162af931000 JavaThread "Service Thread" daemon [_thread_blocked, id=2444, stack(0x0000004e6da00000,0x0000004e6db00000)]
  0x00000162af932000 JavaThread "C2 CompilerThread0" daemon [_thread_in_native, id=6212, stack(0x0000004e6db00000,0x0000004e6dc00000)]
  0x00000162af97d000 JavaThread "C1 CompilerThread0" daemon [_thread_blocked, id=5680, stack(0x0000004e6dc00000,0x0000004e6dd00000)]
  0x00000162af9e5000 JavaThread "Sweeper thread" daemon [_thread_blocked, id=8764, stack(0x0000004e6dd00000,0x0000004e6de00000)]
  0x00000162afae6000 JavaThread "Common-Cleaner" daemon [_thread_blocked, id=6168, stack(0x0000004e6de00000,0x0000004e6df00000)]
  0x00000162b0ce1000 JavaThread "Daemon health stats" [_thread_blocked, id=5516, stack(0x0000004e6e200000,0x0000004e6e300000)]
  0x00000162b0ed0800 JavaThread "Incoming local TCP Connector on port 52776" [_thread_in_native, id=4836, stack(0x0000004e6e300000,0x0000004e6e400000)]
  0x00000162b1ec0000 JavaThread "Daemon periodic checks" [_thread_blocked, id=3168, stack(0x0000004e6e400000,0x0000004e6e500000)]
  0x00000162b1ec1000 JavaThread "Daemon" [_thread_blocked, id=4016, stack(0x0000004e6e500000,0x0000004e6e600000)]
  0x00000162afb9f800 JavaThread "Handler for socket connection from /127.0.0.1:52776 to /127.0.0.1:52777" [_thread_in_native, id=11588, stack(0x0000004e6e600000,0x0000004e6e700000)]
  0x00000162b13b5000 JavaThread "Cancel handler" [_thread_blocked, id=11584, stack(0x0000004e6e700000,0x0000004e6e800000)]
  0x00000162b142a000 JavaThread "Daemon worker" [_thread_in_native, id=4052, stack(0x0000004e6e800000,0x0000004e6e900000)]
  0x00000162b1ca3000 JavaThread "Asynchronous log dispatcher for DefaultDaemonConnection: socket connection from /127.0.0.1:52776 to /127.0.0.1:52777" [_thread_blocked, id=1176, stack(0x0000004e6e900000,0x0000004e6ea00000)]
  0x00000162b0043000 JavaThread "Stdin handler" [_thread_blocked, id=10328, stack(0x0000004e6ea00000,0x0000004e6eb00000)]
  0x00000162afe18800 JavaThread "Daemon client event forwarder" [_thread_blocked, id=7368, stack(0x0000004e6eb00000,0x0000004e6ec00000)]
  0x00000162afe1b800 JavaThread "Cache worker for journal cache (C:\Users\alaqsa\.gradle\caches\journal-1)" [_thread_blocked, id=13120, stack(0x0000004e6ed00000,0x0000004e6ee00000)]
  0x00000162afe1c800 JavaThread "File lock request listener" [_thread_in_native, id=9172, stack(0x0000004e6ee00000,0x0000004e6ef00000)]
  0x00000162afe19000 JavaThread "File lock release action executor" [_thread_blocked, id=12408, stack(0x0000004e6ef00000,0x0000004e6f000000)]
  0x00000162afe1a000 JavaThread "Cache worker for file hash cache (C:\Users\alaqsa\.gradle\caches\7.5.1\fileHashes)" [_thread_blocked, id=4488, stack(0x0000004e6f000000,0x0000004e6f100000)]
  0x00000162afe17000 JavaThread "File watcher server" daemon [_thread_in_native, id=12912, stack(0x0000004e6f100000,0x0000004e6f200000)]
  0x00000162afe1d800 JavaThread "File watcher consumer" daemon [_thread_blocked, id=2028, stack(0x0000004e6f200000,0x0000004e6f300000)]
  0x00000162afe17800 JavaThread "Cache worker for checksums cache (E:\rnprojects\NewProject\android\.gradle\7.5.1\checksums)" [_thread_blocked, id=7412, stack(0x0000004e6f300000,0x0000004e6f400000)]
  0x00000162afe1b000 JavaThread "Cache worker for cache directory md-rule (C:\Users\alaqsa\.gradle\caches\7.5.1\md-rule)" [_thread_blocked, id=1392, stack(0x0000004e6f400000,0x0000004e6f500000)]
  0x00000162b191b000 JavaThread "Cache worker for file content cache (C:\Users\alaqsa\.gradle\caches\7.5.1\fileContent)" [_thread_blocked, id=10532, stack(0x0000004e6f500000,0x0000004e6f600000)]
  0x00000162b1919800 JavaThread "Cache worker for file hash cache (E:\rnprojects\NewProject\android\.gradle\7.5.1\fileHashes)" [_thread_blocked, id=6752, stack(0x0000004e6f600000,0x0000004e6f700000)]
  0x00000162b1917800 JavaThread "Cache worker for cache directory md-supplier (C:\Users\alaqsa\.gradle\caches\7.5.1\md-supplier)" [_thread_blocked, id=11352, stack(0x0000004e6f700000,0x0000004e6f800000)]
  0x00000162b191b800 JavaThread "Cache worker for execution history cache (C:\Users\alaqsa\.gradle\caches\7.5.1\executionHistory)" [_thread_blocked, id=1836, stack(0x0000004e6f800000,0x0000004e6f900000)]
  0x00000162b1918800 JavaThread "jar transforms" [_thread_blocked, id=12460, stack(0x0000004e6fb00000,0x0000004e6fc00000)]
  0x00000162b191f000 JavaThread "jar transforms Thread 2" [_thread_blocked, id=9992, stack(0x0000004e6fc00000,0x0000004e6fd00000)]
  0x00000162b1922800 JavaThread "jar transforms Thread 3" [_thread_blocked, id=4576, stack(0x0000004e6fe00000,0x0000004e6ff00000)]
  0x00000162b1923000 JavaThread "jar transforms Thread 4" [_thread_blocked, id=13224, stack(0x0000004e6ff00000,0x0000004e70000000)]
  0x00000162b1920800 JavaThread "Cache worker for kotlin-dsl (C:\Users\alaqsa\.gradle\caches\7.5.1\kotlin-dsl)" [_thread_blocked, id=13064, stack(0x0000004e6cd00000,0x0000004e6ce00000)]
  0x00000162b1921800 JavaThread "Cache worker for dependencies-accessors (E:\rnprojects\NewProject\android\.gradle\7.5.1\dependencies-accessors)" [_thread_blocked, id=2768, stack(0x0000004e6ce00000,0x0000004e6cf00000)]
  0x00000162b1920000 JavaThread "Cache worker for Build Output Cleanup Cache (E:\rnprojects\NewProject\node_modules\react-native-gradle-plugin\.gradle\buildOutputCleanup)" [_thread_blocked, id=3280, stack(0x0000004e70000000,0x0000004e70100000)]
  0x00000162b191d800 JavaThread "Unconstrained build operations" [_thread_blocked, id=7648, stack(0x0000004e6fd00000,0x0000004e6fe00000)]
  0x00000162b1924000 JavaThread "Unconstrained build operations Thread 2" [_thread_blocked, id=3408, stack(0x0000004e70100000,0x0000004e70200000)]
  0x00000162b191e000 JavaThread "Unconstrained build operations Thread 3" [_thread_blocked, id=12308, stack(0x0000004e70200000,0x0000004e70300000)]
  0x00000162b1924800 JavaThread "Unconstrained build operations Thread 4" [_thread_blocked, id=9592, stack(0x0000004e70300000,0x0000004e70400000)]
  0x00000162b1925800 JavaThread "Unconstrained build operations Thread 5" [_thread_blocked, id=7740, stack(0x0000004e70400000,0x0000004e70500000)]
  0x00000162b1926800 JavaThread "Unconstrained build operations Thread 6" [_thread_blocked, id=5896, stack(0x0000004e70500000,0x0000004e70600000)]
  0x00000162b410a000 JavaThread "Unconstrained build operations Thread 7" [_thread_blocked, id=6364, stack(0x0000004e70600000,0x0000004e70700000)]
  0x00000162b4107800 JavaThread "Unconstrained build operations Thread 8" [_thread_blocked, id=2044, stack(0x0000004e70700000,0x0000004e70800000)]
  0x00000162b4106000 JavaThread "Unconstrained build operations Thread 9" [_thread_blocked, id=11896, stack(0x0000004e70800000,0x0000004e70900000)]
  0x00000162b4108800 JavaThread "Unconstrained build operations Thread 10" [_thread_blocked, id=13100, stack(0x0000004e70900000,0x0000004e70a00000)]
  0x00000162b4109800 JavaThread "Unconstrained build operations Thread 11" [_thread_blocked, id=828, stack(0x0000004e70a00000,0x0000004e70b00000)]
  0x00000162b410b000 JavaThread "Unconstrained build operations Thread 12" [_thread_blocked, id=3096, stack(0x0000004e70b00000,0x0000004e70c00000)]
  0x00000162b4107000 JavaThread "Unconstrained build operations Thread 13" [_thread_blocked, id=13084, stack(0x0000004e70c00000,0x0000004e70d00000)]
  0x00000162b4105800 JavaThread "Unconstrained build operations Thread 14" [_thread_blocked, id=3700, stack(0x0000004e70d00000,0x0000004e70e00000)]
  0x00000162b410c000 JavaThread "Unconstrained build operations Thread 15" [_thread_blocked, id=11464, stack(0x0000004e70e00000,0x0000004e70f00000)]
  0x00000162b56eb800 JavaThread "Unconstrained build operations Thread 16" [_thread_blocked, id=12664, stack(0x0000004e70f00000,0x0000004e71000000)]
  0x00000162b56ef800 JavaThread "Unconstrained build operations Thread 17" [_thread_blocked, id=6000, stack(0x0000004e71000000,0x0000004e71100000)]
  0x00000162b56f2000 JavaThread "Unconstrained build operations Thread 18" [_thread_blocked, id=560, stack(0x0000004e71100000,0x0000004e71200000)]
  0x00000162b56ec000 JavaThread "Unconstrained build operations Thread 19" [_thread_blocked, id=9652, stack(0x0000004e71200000,0x0000004e71300000)]
  0x00000162b56ed000 JavaThread "Unconstrained build operations Thread 20" [_thread_blocked, id=964, stack(0x0000004e71300000,0x0000004e71400000)]
  0x00000162b56ee800 JavaThread "Unconstrained build operations Thread 21" [_thread_blocked, id=11476, stack(0x0000004e71400000,0x0000004e71500000)]
  0x00000162b56f0000 JavaThread "Unconstrained build operations Thread 22" [_thread_blocked, id=5816, stack(0x0000004e71500000,0x0000004e71600000)]
  0x00000162b56ed800 JavaThread "Unconstrained build operations Thread 23" [_thread_blocked, id=8600, stack(0x0000004e71600000,0x0000004e71700000)]
  0x00000162b56f3800 JavaThread "Unconstrained build operations Thread 24" [_thread_blocked, id=12204, stack(0x0000004e71700000,0x0000004e71800000)]
  0x00000162b56f2800 JavaThread "Unconstrained build operations Thread 25" [_thread_blocked, id=1320, stack(0x0000004e71800000,0x0000004e71900000)]
  0x00000162b56f4800 JavaThread "Unconstrained build operations Thread 26" [_thread_blocked, id=12624, stack(0x0000004e71900000,0x0000004e71a00000)]
  0x00000162b56f6000 JavaThread "Unconstrained build operations Thread 27" [_thread_blocked, id=4560, stack(0x0000004e71a00000,0x0000004e71b00000)]
  0x00000162b56f5000 JavaThread "Unconstrained build operations Thread 28" [_thread_blocked, id=12224, stack(0x0000004e71b00000,0x0000004e71c00000)]
  0x00000162b56f6800 JavaThread "Unconstrained build operations Thread 29" [_thread_blocked, id=10076, stack(0x0000004e71c00000,0x0000004e71d00000)]
  0x00000162b56f1000 JavaThread "Unconstrained build operations Thread 30" [_thread_blocked, id=4692, stack(0x0000004e71d00000,0x0000004e71e00000)]
  0x00000162b56f7800 JavaThread "Unconstrained build operations Thread 31" [_thread_blocked, id=11084, stack(0x0000004e71e00000,0x0000004e71f00000)]
  0x00000162b56fa000 JavaThread "Unconstrained build operations Thread 32" [_thread_blocked, id=1644, stack(0x0000004e71f00000,0x0000004e72000000)]
  0x00000162b56f9000 JavaThread "Unconstrained build operations Thread 33" [_thread_blocked, id=6016, stack(0x0000004e72000000,0x0000004e72100000)]
  0x00000162b56f8800 JavaThread "build event listener" [_thread_blocked, id=12468, stack(0x0000004e72100000,0x0000004e72200000)]
  0x00000162b3b50800 JavaThread "Memory manager" [_thread_blocked, id=11156, stack(0x0000004e72300000,0x0000004e72400000)]
  0x00000162b3b51800 JavaThread "Cache worker for Build Output Cleanup Cache (E:\rnprojects\NewProject\android\.gradle\buildOutputCleanup)" [_thread_blocked, id=8428, stack(0x0000004e72200000,0x0000004e72300000)]
  0x00000162b3b52000 JavaThread "included builds" [_thread_blocked, id=11288, stack(0x0000004e72400000,0x0000004e72500000)]
  0x00000162b3b4c800 JavaThread "Execution worker" [_thread_blocked, id=7032, stack(0x0000004e72500000,0x0000004e72600000)]
  0x00000162b3b4e000 JavaThread "Execution worker Thread 2" [_thread_blocked, id=10816, stack(0x0000004e72600000,0x0000004e72700000)]
  0x00000162b3b53000 JavaThread "Execution worker Thread 3" [_thread_blocked, id=9504, stack(0x0000004e72700000,0x0000004e72800000)]
  0x00000162b3b4d000 JavaThread "Cache worker for execution history cache (E:\rnprojects\NewProject\node_modules\react-native-gradle-plugin\.gradle\7.5.1\executionHistory)" [_thread_blocked, id=10408, stack(0x0000004e72800000,0x0000004e72900000)]
  0x00000162b3b53800 JavaThread "Unconstrained build operations Thread 34" [_thread_blocked, id=11752, stack(0x0000004e72900000,0x0000004e72a00000)]
  0x00000162b3b54800 JavaThread "Unconstrained build operations Thread 35" [_thread_blocked, id=2404, stack(0x0000004e72a00000,0x0000004e72b00000)]
  0x00000162b3b4f000 JavaThread "Unconstrained build operations Thread 36" [_thread_blocked, id=4284, stack(0x0000004e72b00000,0x0000004e72c00000)]
  0x00000162b3b58800 JavaThread "Unconstrained build operations Thread 37" [_thread_blocked, id=12420, stack(0x0000004e72c00000,0x0000004e72d00000)]
  0x00000162b3b5b000 JavaThread "Unconstrained build operations Thread 38" [_thread_blocked, id=11180, stack(0x0000004e72d00000,0x0000004e72e00000)]
  0x00000162b3b58000 JavaThread "Unconstrained build operations Thread 39" [_thread_blocked, id=8544, stack(0x0000004e72e00000,0x0000004e72f00000)]
  0x00000162b3b59800 JavaThread "Unconstrained build operations Thread 40" [_thread_blocked, id=13164, stack(0x0000004e72f00000,0x0000004e73000000)]
=>0x00000162b84db800 JavaThread "C2 CompilerThread1" daemon [_thread_in_native, id=10932, stack(0x0000004e73000000,0x0000004e73100000)]

Other Threads:
  0x00000162af908800 VMThread "VM Thread" [stack: 0x0000004e6d500000,0x0000004e6d600000] [id=13296]
  0x00000162afb5d800 WatcherThread [stack: 0x0000004e6df00000,0x0000004e6e000000] [id=9868]
  0x000001629198d800 GCTaskThread "GC Thread#0" [stack: 0x0000004e6d000000,0x0000004e6d100000] [id=13148]
  0x00000162b0235800 GCTaskThread "GC Thread#1" [stack: 0x0000004e6e000000,0x0000004e6e100000] [id=1824]
  0x00000162affa0800 GCTaskThread "GC Thread#2" [stack: 0x0000004e6e100000,0x0000004e6e200000] [id=11524]
  0x00000162b148a800 GCTaskThread "GC Thread#3" [stack: 0x0000004e6ec00000,0x0000004e6ed00000] [id=7788]
  0x00000162919be000 ConcurrentGCThread "G1 Main Marker" [stack: 0x0000004e6d100000,0x0000004e6d200000] [id=10480]
  0x00000162acbb4800 ConcurrentGCThread "G1 Conc#0" [stack: 0x0000004e6d200000,0x0000004e6d300000] [id=472]
  0x00000162acc47800 ConcurrentGCThread "G1 Refine#0" [stack: 0x0000004e6d300000,0x0000004e6d400000] [id=992]
  0x00000162acc48800 ConcurrentGCThread "G1 Young RemSet Sampling" [stack: 0x0000004e6d400000,0x0000004e6d500000] [id=2040]

Threads with active compile tasks:
C2 CompilerThread0   123984 9565       4       org.gradle.internal.instantiation.generator.AbstractClassGenerator$ClassMetadata::property (42 bytes)
C2 CompilerThread1   123984 9494       4       java.beans.Introspector::addMethod (196 bytes)

VM state:not at safepoint (normal execution)

VM Mutex/Monitor currently owned by a thread: None

Heap address: 0x0000000080000000, size: 2048 MB, Compressed Oops mode: 32-bit
Narrow klass base: 0x0000000000000000, Narrow klass shift: 3
Compressed class space size: 528482304 Address: 0x0000000100000000

Heap:
 garbage-first heap   total 131072K, used 81395K [0x0000000080000000, 0x0000000100000000)
  region size 1024K, 5 young (5120K), 3 survivors (3072K)
 Metaspace       used 86012K, capacity 88192K, committed 88276K, reserved 593920K
  class space    used 11250K, capacity 12159K, committed 12160K, reserved 516096K
Heap Regions: E=young(eden), S=young(survivor), O=old, HS=humongous(starts), HC=humongous(continues), CS=collection set, F=free, A=archive, TAMS=top-at-mark-start (previous, next)
|   0|0x0000000080000000, 0x0000000080100000, 0x0000000080100000|100%|HS|  |TAMS 0x0000000080100000, 0x0000000080000000| Complete 
|   1|0x0000000080100000, 0x0000000080200000, 0x0000000080200000|100%|HC|  |TAMS 0x0000000080200000, 0x0000000080100000| Complete 
|   2|0x0000000080200000, 0x0000000080300000, 0x0000000080300000|100%|HC|  |TAMS 0x0000000080300000, 0x0000000080200000| Complete 
|   3|0x0000000080300000, 0x0000000080400000, 0x0000000080400000|100%| O|  |TAMS 0x0000000080400000, 0x0000000080300000| Untracked 
|   4|0x0000000080400000, 0x0000000080500000, 0x0000000080500000|100%| O|  |TAMS 0x0000000080500000, 0x0000000080400000| Untracked 
|   5|0x0000000080500000, 0x0000000080600000, 0x0000000080600000|100%| O|  |TAMS 0x0000000080600000, 0x0000000080500000| Untracked 
|   6|0x0000000080600000, 0x0000000080700000, 0x0000000080700000|100%| O|  |TAMS 0x0000000080700000, 0x0000000080600000| Untracked 
|   7|0x0000000080700000, 0x0000000080800000, 0x0000000080800000|100%| O|  |TAMS 0x0000000080800000, 0x0000000080700000| Untracked 
|   8|0x0000000080800000, 0x0000000080900000, 0x0000000080900000|100%| O|  |TAMS 0x0000000080900000, 0x0000000080800000| Untracked 
|   9|0x0000000080900000, 0x0000000080a00000, 0x0000000080a00000|100%| O|  |TAMS 0x0000000080a00000, 0x0000000080900000| Untracked 
|  10|0x0000000080a00000, 0x0000000080b00000, 0x0000000080b00000|100%| O|  |TAMS 0x0000000080b00000, 0x0000000080a00000| Untracked 
|  11|0x0000000080b00000, 0x0000000080c00000, 0x0000000080c00000|100%| O|  |TAMS 0x0000000080c00000, 0x0000000080b00000| Untracked 
|  12|0x0000000080c00000, 0x0000000080d00000, 0x0000000080d00000|100%| O|  |TAMS 0x0000000080d00000, 0x0000000080c00000| Untracked 
|  13|0x0000000080d00000, 0x0000000080e00000, 0x0000000080e00000|100%| O|  |TAMS 0x0000000080e00000, 0x0000000080d00000| Untracked 
|  14|0x0000000080e00000, 0x0000000080f00000, 0x0000000080f00000|100%| O|  |TAMS 0x0000000080f00000, 0x0000000080e00000| Untracked 
|  15|0x0000000080f00000, 0x0000000081000000, 0x0000000081000000|100%| O|  |TAMS 0x0000000081000000, 0x0000000080f00000| Untracked 
|  16|0x0000000081000000, 0x0000000081100000, 0x0000000081100000|100%| O|  |TAMS 0x0000000081100000, 0x0000000081000000| Untracked 
|  17|0x0000000081100000, 0x0000000081200000, 0x0000000081200000|100%| O|  |TAMS 0x0000000081200000, 0x0000000081100000| Untracked 
|  18|0x0000000081200000, 0x0000000081300000, 0x0000000081300000|100%|HS|  |TAMS 0x0000000081300000, 0x0000000081200000| Complete 
|  19|0x0000000081300000, 0x0000000081400000, 0x0000000081400000|100%| O|  |TAMS 0x0000000081400000, 0x0000000081300000| Untracked 
|  20|0x0000000081400000, 0x0000000081500000, 0x0000000081500000|100%| O|  |TAMS 0x0000000081500000, 0x0000000081400000| Untracked 
|  21|0x0000000081500000, 0x0000000081600000, 0x0000000081600000|100%| O|  |TAMS 0x0000000081600000, 0x0000000081500000| Untracked 
|  22|0x0000000081600000, 0x0000000081700000, 0x0000000081700000|100%| O|  |TAMS 0x0000000081700000, 0x0000000081600000| Untracked 
|  23|0x0000000081700000, 0x0000000081800000, 0x0000000081800000|100%| O|  |TAMS 0x0000000081800000, 0x0000000081700000| Untracked 
|  24|0x0000000081800000, 0x0000000081900000, 0x0000000081900000|100%| O|  |TAMS 0x0000000081900000, 0x0000000081800000| Untracked 
|  25|0x0000000081900000, 0x0000000081a00000, 0x0000000081a00000|100%| O|  |TAMS 0x0000000081a00000, 0x0000000081900000| Untracked 
|  26|0x0000000081a00000, 0x0000000081b00000, 0x0000000081b00000|100%| O|  |TAMS 0x0000000081b00000, 0x0000000081a00000| Untracked 
|  27|0x0000000081b00000, 0x0000000081c00000, 0x0000000081c00000|100%| O|  |TAMS 0x0000000081c00000, 0x0000000081b00000| Untracked 
|  28|0x0000000081c00000, 0x0000000081d00000, 0x0000000081d00000|100%| O|  |TAMS 0x0000000081d00000, 0x0000000081c00000| Untracked 
|  29|0x0000000081d00000, 0x0000000081e00000, 0x0000000081e00000|100%|HS|  |TAMS 0x0000000081e00000, 0x0000000081d00000| Complete 
|  30|0x0000000081e00000, 0x0000000081f00000, 0x0000000081f00000|100%|HC|  |TAMS 0x0000000081f00000, 0x0000000081e00000| Complete 
|  31|0x0000000081f00000, 0x0000000082000000, 0x0000000082000000|100%|HC|  |TAMS 0x0000000082000000, 0x0000000081f00000| Complete 
|  32|0x0000000082000000, 0x0000000082100000, 0x0000000082100000|100%| O|  |TAMS 0x0000000082100000, 0x0000000082000000| Untracked 
|  33|0x0000000082100000, 0x0000000082200000, 0x0000000082200000|100%| O|  |TAMS 0x0000000082200000, 0x0000000082100000| Untracked 
|  34|0x0000000082200000, 0x0000000082300000, 0x0000000082300000|100%| O|  |TAMS 0x0000000082300000, 0x0000000082200000| Untracked 
|  35|0x0000000082300000, 0x0000000082400000, 0x0000000082400000|100%| O|  |TAMS 0x0000000082400000, 0x0000000082300000| Untracked 
|  36|0x0000000082400000, 0x0000000082500000, 0x0000000082500000|100%| O|  |TAMS 0x0000000082500000, 0x0000000082400000| Untracked 
|  37|0x0000000082500000, 0x0000000082600000, 0x0000000082600000|100%| O|  |TAMS 0x0000000082600000, 0x0000000082500000| Untracked 
|  38|0x0000000082600000, 0x0000000082700000, 0x0000000082700000|100%| O|  |TAMS 0x0000000082700000, 0x0000000082600000| Untracked 
|  39|0x0000000082700000, 0x0000000082800000, 0x0000000082800000|100%| O|  |TAMS 0x0000000082800000, 0x0000000082700000| Untracked 
|  40|0x0000000082800000, 0x0000000082900000, 0x0000000082900000|100%| O|  |TAMS 0x0000000082900000, 0x0000000082800000| Untracked 
|  41|0x0000000082900000, 0x0000000082a00000, 0x0000000082a00000|100%| O|  |TAMS 0x0000000082a00000, 0x0000000082900000| Untracked 
|  42|0x0000000082a00000, 0x0000000082b00000, 0x0000000082b00000|100%| O|  |TAMS 0x0000000082b00000, 0x0000000082a00000| Untracked 
|  43|0x0000000082b00000, 0x0000000082c00000, 0x0000000082c00000|100%| O|  |TAMS 0x0000000082c00000, 0x0000000082b00000| Untracked 
|  44|0x0000000082c00000, 0x0000000082d00000, 0x0000000082d00000|100%| O|  |TAMS 0x0000000082d00000, 0x0000000082c00000| Untracked 
|  45|0x0000000082d00000, 0x0000000082e00000, 0x0000000082e00000|100%| O|  |TAMS 0x0000000082d00000, 0x0000000082d00000| Untracked 
|  46|0x0000000082e00000, 0x0000000082f00000, 0x0000000082f00000|100%| O|  |TAMS 0x0000000082f00000, 0x0000000082e00000| Untracked 
|  47|0x0000000082f00000, 0x0000000083000000, 0x0000000083000000|100%| O|  |TAMS 0x0000000083000000, 0x0000000082f00000| Untracked 
|  48|0x0000000083000000, 0x0000000083100000, 0x0000000083100000|100%|HS|  |TAMS 0x0000000083100000, 0x0000000083000000| Complete 
|  49|0x0000000083100000, 0x0000000083200000, 0x0000000083200000|100%|HS|  |TAMS 0x0000000083200000, 0x0000000083100000| Complete 
|  50|0x0000000083200000, 0x0000000083300000, 0x0000000083300000|100%| O|  |TAMS 0x0000000083300000, 0x0000000083200000| Untracked 
|  51|0x0000000083300000, 0x0000000083400000, 0x0000000083400000|100%| O|  |TAMS 0x0000000083400000, 0x0000000083300000| Untracked 
|  52|0x0000000083400000, 0x0000000083500000, 0x0000000083500000|100%| O|  |TAMS 0x0000000083500000, 0x0000000083400000| Untracked 
|  53|0x0000000083500000, 0x0000000083600000, 0x0000000083600000|100%| O|  |TAMS 0x0000000083600000, 0x0000000083500000| Untracked 
|  54|0x0000000083600000, 0x0000000083700000, 0x0000000083700000|100%| O|  |TAMS 0x0000000083700000, 0x0000000083600000| Untracked 
|  55|0x0000000083700000, 0x0000000083800000, 0x0000000083800000|100%| O|  |TAMS 0x0000000083800000, 0x0000000083700000| Untracked 
|  56|0x0000000083800000, 0x0000000083900000, 0x0000000083900000|100%| O|  |TAMS 0x0000000083900000, 0x0000000083800000| Untracked 
|  57|0x0000000083900000, 0x0000000083a00000, 0x0000000083a00000|100%| O|  |TAMS 0x0000000083a00000, 0x0000000083900000| Untracked 
|  58|0x0000000083a00000, 0x0000000083b00000, 0x0000000083b00000|100%| O|  |TAMS 0x0000000083b00000, 0x0000000083a00000| Untracked 
|  59|0x0000000083b00000, 0x0000000083c00000, 0x0000000083c00000|100%| O|  |TAMS 0x0000000083c00000, 0x0000000083b00000| Untracked 
|  60|0x0000000083c00000, 0x0000000083d00000, 0x0000000083d00000|100%| O|  |TAMS 0x0000000083d00000, 0x0000000083c00000| Untracked 
|  61|0x0000000083d00000, 0x0000000083e00000, 0x0000000083e00000|100%| O|  |TAMS 0x0000000083e00000, 0x0000000083d00000| Untracked 
|  62|0x0000000083e00000, 0x0000000083f00000, 0x0000000083f00000|100%| O|  |TAMS 0x0000000083f00000, 0x0000000083e00000| Untracked 
|  63|0x0000000083f00000, 0x0000000084000000, 0x0000000084000000|100%| O|  |TAMS 0x0000000084000000, 0x0000000083f00000| Untracked 
|  64|0x0000000084000000, 0x0000000084100000, 0x0000000084100000|100%|HS|  |TAMS 0x0000000084100000, 0x0000000084000000| Complete 
|  65|0x0000000084100000, 0x0000000084200000, 0x0000000084200000|100%|HC|  |TAMS 0x0000000084200000, 0x0000000084100000| Complete 
|  66|0x0000000084200000, 0x0000000084300000, 0x0000000084300000|100%| O|  |TAMS 0x0000000084300000, 0x0000000084200000| Untracked 
|  67|0x0000000084300000, 0x0000000084400000, 0x0000000084400000|100%| O|  |TAMS 0x0000000084400000, 0x0000000084300000| Untracked 
|  68|0x0000000084400000, 0x0000000084500000, 0x0000000084500000|100%| O|  |TAMS 0x0000000084500000, 0x0000000084400000| Untracked 
|  69|0x0000000084500000, 0x0000000084600000, 0x0000000084600000|100%| O|  |TAMS 0x0000000084600000, 0x0000000084500000| Untracked 
|  70|0x0000000084600000, 0x0000000084700000, 0x0000000084700000|100%| O|  |TAMS 0x0000000084700000, 0x0000000084600000| Untracked 
|  71|0x0000000084700000, 0x0000000084800000, 0x0000000084800000|100%| O|  |TAMS 0x0000000084800000, 0x0000000084700000| Untracked 
|  72|0x0000000084800000, 0x0000000084900000, 0x0000000084900000|100%| O|  |TAMS 0x0000000084900000, 0x0000000084800000| Untracked 
|  73|0x0000000084900000, 0x0000000084a00000, 0x0000000084a00000|100%| O|  |TAMS 0x0000000084937e00, 0x0000000084900000| Untracked 
|  74|0x0000000084a00000, 0x0000000084b00000, 0x0000000084b00000|100%| O|  |TAMS 0x0000000084b00000, 0x0000000084a00000| Untracked 
|  75|0x0000000084b00000, 0x0000000084c00000, 0x0000000084c00000|100%| O|  |TAMS 0x0000000084c00000, 0x0000000084b00000| Untracked 
|  76|0x0000000084c00000, 0x0000000084c66400, 0x0000000084d00000| 39%| O|  |TAMS 0x0000000084c00000, 0x0000000084c00000| Untracked 
|  77|0x0000000084d00000, 0x0000000084d00000, 0x0000000084e00000|  0%| F|  |TAMS 0x0000000084d00000, 0x0000000084d00000| Untracked 
|  78|0x0000000084e00000, 0x0000000084e00000, 0x0000000084f00000|  0%| F|  |TAMS 0x0000000084e00000, 0x0000000084e00000| Untracked 
|  79|0x0000000084f00000, 0x0000000084f00000, 0x0000000085000000|  0%| F|  |TAMS 0x0000000084f00000, 0x0000000084f00000| Untracked 
|  80|0x0000000085000000, 0x0000000085000000, 0x0000000085100000|  0%| F|  |TAMS 0x0000000085000000, 0x0000000085000000| Untracked 
|  81|0x0000000085100000, 0x0000000085100000, 0x0000000085200000|  0%| F|  |TAMS 0x0000000085100000, 0x0000000085100000| Untracked 
|  82|0x0000000085200000, 0x0000000085200000, 0x0000000085300000|  0%| F|  |TAMS 0x0000000085200000, 0x0000000085200000| Untracked 
|  83|0x0000000085300000, 0x0000000085300000, 0x0000000085400000|  0%| F|  |TAMS 0x0000000085300000, 0x0000000085300000| Untracked 
|  84|0x0000000085400000, 0x0000000085400000, 0x0000000085500000|  0%| F|  |TAMS 0x0000000085400000, 0x0000000085400000| Untracked 
|  85|0x0000000085500000, 0x0000000085500000, 0x0000000085600000|  0%| F|  |TAMS 0x0000000085500000, 0x0000000085500000| Untracked 
|  86|0x0000000085600000, 0x0000000085600000, 0x0000000085700000|  0%| F|  |TAMS 0x0000000085600000, 0x0000000085600000| Untracked 
|  87|0x0000000085700000, 0x0000000085700000, 0x0000000085800000|  0%| F|  |TAMS 0x0000000085700000, 0x0000000085700000| Untracked 
|  88|0x0000000085800000, 0x0000000085800000, 0x0000000085900000|  0%| F|  |TAMS 0x0000000085800000, 0x0000000085800000| Untracked 
|  89|0x0000000085900000, 0x0000000085900000, 0x0000000085a00000|  0%| F|  |TAMS 0x0000000085900000, 0x0000000085900000| Untracked 
|  90|0x0000000085a00000, 0x0000000085a00000, 0x0000000085b00000|  0%| F|  |TAMS 0x0000000085a00000, 0x0000000085a00000| Untracked 
|  91|0x0000000085b00000, 0x0000000085b00000, 0x0000000085c00000|  0%| F|  |TAMS 0x0000000085b00000, 0x0000000085b00000| Untracked 
|  92|0x0000000085c00000, 0x0000000085c00000, 0x0000000085d00000|  0%| F|  |TAMS 0x0000000085c00000, 0x0000000085c00000| Untracked 
|  93|0x0000000085d00000, 0x0000000085d00000, 0x0000000085e00000|  0%| F|  |TAMS 0x0000000085d00000, 0x0000000085d00000| Untracked 
|  94|0x0000000085e00000, 0x0000000085e00000, 0x0000000085f00000|  0%| F|  |TAMS 0x0000000085e00000, 0x0000000085e00000| Untracked 
|  95|0x0000000085f00000, 0x0000000085f00000, 0x0000000086000000|  0%| F|  |TAMS 0x0000000085f00000, 0x0000000085f00000| Untracked 
|  96|0x0000000086000000, 0x0000000086000000, 0x0000000086100000|  0%| F|  |TAMS 0x0000000086000000, 0x0000000086000000| Untracked 
|  97|0x0000000086100000, 0x00000000861168d8, 0x0000000086200000|  8%| S|CS|TAMS 0x0000000086100000, 0x0000000086100000| Complete 
|  98|0x0000000086200000, 0x0000000086300000, 0x0000000086300000|100%| S|CS|TAMS 0x0000000086200000, 0x0000000086200000| Complete 
|  99|0x0000000086300000, 0x0000000086300000, 0x0000000086400000|  0%| F|  |TAMS 0x0000000086300000, 0x0000000086300000| Untracked 
| 100|0x0000000086400000, 0x0000000086400000, 0x0000000086500000|  0%| F|  |TAMS 0x0000000086400000, 0x0000000086400000| Untracked 
| 101|0x0000000086500000, 0x0000000086500000, 0x0000000086600000|  0%| F|  |TAMS 0x0000000086500000, 0x0000000086500000| Untracked 
| 102|0x0000000086600000, 0x0000000086700000, 0x0000000086700000|100%| S|CS|TAMS 0x0000000086600000, 0x0000000086600000| Complete 
| 103|0x0000000086700000, 0x0000000086700000, 0x0000000086800000|  0%| F|  |TAMS 0x0000000086700000, 0x0000000086700000| Untracked 
| 104|0x0000000086800000, 0x0000000086800000, 0x0000000086900000|  0%| F|  |TAMS 0x0000000086800000, 0x0000000086800000| Untracked 
| 105|0x0000000086900000, 0x0000000086900000, 0x0000000086a00000|  0%| F|  |TAMS 0x0000000086900000, 0x0000000086900000| Untracked 
| 106|0x0000000086a00000, 0x0000000086a00000, 0x0000000086b00000|  0%| F|  |TAMS 0x0000000086a00000, 0x0000000086a00000| Untracked 
| 107|0x0000000086b00000, 0x0000000086b00000, 0x0000000086c00000|  0%| F|  |TAMS 0x0000000086b00000, 0x0000000086b00000| Untracked 
| 108|0x0000000086c00000, 0x0000000086c00000, 0x0000000086d00000|  0%| F|  |TAMS 0x0000000086c00000, 0x0000000086c00000| Untracked 
| 109|0x0000000086d00000, 0x0000000086d00000, 0x0000000086e00000|  0%| F|  |TAMS 0x0000000086d00000, 0x0000000086d00000| Untracked 
| 110|0x0000000086e00000, 0x0000000086e00000, 0x0000000086f00000|  0%| F|  |TAMS 0x0000000086e00000, 0x0000000086e00000| Untracked 
| 111|0x0000000086f00000, 0x0000000086f00000, 0x0000000087000000|  0%| F|  |TAMS 0x0000000086f00000, 0x0000000086f00000| Untracked 
| 112|0x0000000087000000, 0x0000000087000000, 0x0000000087100000|  0%| F|  |TAMS 0x0000000087000000, 0x0000000087000000| Untracked 
| 113|0x0000000087100000, 0x0000000087100000, 0x0000000087200000|  0%| F|  |TAMS 0x0000000087100000, 0x0000000087100000| Untracked 
| 114|0x0000000087200000, 0x0000000087200000, 0x0000000087300000|  0%| F|  |TAMS 0x0000000087200000, 0x0000000087200000| Untracked 
| 115|0x0000000087300000, 0x0000000087300000, 0x0000000087400000|  0%| F|  |TAMS 0x0000000087300000, 0x0000000087300000| Untracked 
| 116|0x0000000087400000, 0x0000000087400000, 0x0000000087500000|  0%| F|  |TAMS 0x0000000087400000, 0x0000000087400000| Untracked 
| 117|0x0000000087500000, 0x0000000087500000, 0x0000000087600000|  0%| F|  |TAMS 0x0000000087500000, 0x0000000087500000| Untracked 
| 118|0x0000000087600000, 0x0000000087600000, 0x0000000087700000|  0%| F|  |TAMS 0x0000000087600000, 0x0000000087600000| Untracked 
| 119|0x0000000087700000, 0x0000000087700000, 0x0000000087800000|  0%| F|  |TAMS 0x0000000087700000, 0x0000000087700000| Untracked 
| 120|0x0000000087800000, 0x0000000087800000, 0x0000000087900000|  0%| F|  |TAMS 0x0000000087800000, 0x0000000087800000| Untracked 
| 121|0x0000000087900000, 0x0000000087900000, 0x0000000087a00000|  0%| F|  |TAMS 0x0000000087900000, 0x0000000087900000| Untracked 
| 122|0x0000000087a00000, 0x0000000087a00000, 0x0000000087b00000|  0%| F|  |TAMS 0x0000000087a00000, 0x0000000087a00000| Untracked 
| 123|0x0000000087b00000, 0x0000000087b00000, 0x0000000087c00000|  0%| F|  |TAMS 0x0000000087b00000, 0x0000000087b00000| Untracked 
| 124|0x0000000087c00000, 0x0000000087c00000, 0x0000000087d00000|  0%| F|  |TAMS 0x0000000087c00000, 0x0000000087c00000| Untracked 
| 125|0x0000000087d00000, 0x0000000087d00000, 0x0000000087e00000|  0%| F|  |TAMS 0x0000000087d00000, 0x0000000087d00000| Untracked 
| 126|0x0000000087e00000, 0x0000000087e77c18, 0x0000000087f00000| 46%| E|  |TAMS 0x0000000087e00000, 0x0000000087e00000| Complete 
| 127|0x0000000087f00000, 0x0000000088000000, 0x0000000088000000|100%| E|CS|TAMS 0x0000000087f00000, 0x0000000087f00000| Complete 

Card table byte_map: [0x00000162a83b0000,0x00000162a87b0000] _byte_map_base: 0x00000162a7fb0000

Marking Bits (Prev, Next): (CMBitMap*) 0x00000162919b96a8, (CMBitMap*) 0x00000162919b96e0
 Prev Bits: [0x00000162a8bb0000, 0x00000162aabb0000)
 Next Bits: [0x00000162aabb0000, 0x00000162acbb0000)

Polling page: 0x000001628f750000

Metaspace:

Usage:
  Non-class:     74.25 MB capacity,    73.03 MB ( 98%) used,  1008.27 KB (  1%) free+waste,   246.25 KB ( <1%) overhead. 
      Class:     11.91 MB capacity,    10.99 MB ( 92%) used,   816.71 KB (  7%) free+waste,   119.00 KB ( <1%) overhead. 
       Both:     86.16 MB capacity,    84.02 MB ( 98%) used,     1.78 MB (  2%) free+waste,   365.25 KB ( <1%) overhead. 

Virtual space:
  Non-class space:       76.00 MB reserved,      74.33 MB ( 98%) committed 
      Class space:      504.00 MB reserved,      12.00 MB (  2%) committed 
             Both:      580.00 MB reserved,      86.33 MB ( 15%) committed 

Chunk freelists:
   Non-Class:  2.38 KB
       Class:  128 bytes
        Both:  2.50 KB

CodeHeap 'non-profiled nmethods': size=120064Kb used=6071Kb max_used=6071Kb free=113992Kb
 bounds [0x00000162a0a70000, 0x00000162a1060000, 0x00000162a7fb0000]
CodeHeap 'profiled nmethods': size=120000Kb used=20985Kb max_used=20985Kb free=99014Kb
 bounds [0x0000016299540000, 0x000001629a9c0000, 0x00000162a0a70000]
CodeHeap 'non-nmethods': size=5696Kb used=2303Kb max_used=2353Kb free=3392Kb
 bounds [0x0000016298fb0000, 0x0000016299220000, 0x0000016299540000]
 total_blobs=10449 nmethods=9534 adapters=826
 compilation: enabled
              stopped_count=0, restarted_count=0
 full_count=0

Compilation events (10 events):
Event: 123.715 Thread 0x00000162af97d000 9552       1       org.gradle.api.internal.artifacts.configurations.DefaultConfiguration::getArtifacts (5 bytes)
Event: 123.716 Thread 0x00000162af97d000 nmethod 9552 0x00000162a105b290 code [0x00000162a105b420, 0x00000162a105b4d8]
Event: 123.717 Thread 0x00000162af932000 9553       4       java.lang.StringBuilder::append (8 bytes)
Event: 123.718 Thread 0x00000162af97d000 9554       3       org.gradle.api.internal.DefaultNamedDomainObjectCollection::hasWithName (32 bytes)
Event: 123.718 Thread 0x00000162af97d000 nmethod 9554 0x000001629a9b6b10 code [0x000001629a9b6cc0, 0x000001629a9b6ff8]
Event: 123.726 Thread 0x00000162af97d000 9555       1       org.gradle.api.internal.artifacts.ivyservice.moduleconverter.DefaultRootComponentMetadataBuilder::getValidator (5 bytes)
Event: 123.726 Thread 0x00000162af97d000 nmethod 9555 0x00000162a105b590 code [0x00000162a105b720, 0x00000162a105b7d8]
Event: 123.726 Thread 0x00000162af97d000 9556   !   3       org.gradle.api.internal.DefaultNamedDomainObjectCollection::applyRules (109 bytes)
Event: 123.727 Thread 0x00000162af97d000 nmethod 9556 0x000001629a9b7110 code [0x000001629a9b7360, 0x000001629a9b7dc8]
Event: 123.732 Thread 0x00000162af932000 nmethod 9553 0x00000162a105b890 code [0x00000162a105ba40, 0x00000162a105c148]

GC Heap History (10 events):
Event: 104.715 GC heap before
{Heap before GC invocations=29 (full 0):
 garbage-first heap   total 131072K, used 106124K [0x0000000080000000, 0x0000000100000000)
  region size 1024K, 31 young (31744K), 5 survivors (5120K)
 Metaspace       used 81721K, capacity 83851K, committed 84180K, reserved 589824K
  class space    used 10648K, capacity 11531K, committed 11648K, reserved 516096K
}
Event: 104.722 GC heap after
{Heap after GC invocations=30 (full 0):
 garbage-first heap   total 131072K, used 74460K [0x0000000080000000, 0x0000000100000000)
  region size 1024K, 2 young (2048K), 2 survivors (2048K)
 Metaspace       used 81721K, capacity 83851K, committed 84180K, reserved 589824K
  class space    used 10648K, capacity 11531K, committed 11648K, reserved 516096K
}
Event: 105.618 GC heap before
{Heap before GC invocations=30 (full 0):
 garbage-first heap   total 131072K, used 89820K [0x0000000080000000, 0x0000000100000000)
  region size 1024K, 18 young (18432K), 2 survivors (2048K)
 Metaspace       used 82982K, capacity 85141K, committed 85332K, reserved 589824K
  class space    used 10821K, capacity 11725K, committed 11776K, reserved 516096K
}
Event: 105.624 GC heap after
{Heap after GC invocations=31 (full 0):
 garbage-first heap   total 131072K, used 75698K [0x0000000080000000, 0x0000000100000000)
  region size 1024K, 4 young (4096K), 4 survivors (4096K)
 Metaspace       used 82982K, capacity 85141K, committed 85332K, reserved 589824K
  class space    used 10821K, capacity 11725K, committed 11776K, reserved 516096K
}
Event: 106.490 GC heap before
{Heap before GC invocations=32 (full 0):
 garbage-first heap   total 131072K, used 101298K [0x0000000080000000, 0x0000000100000000)
  region size 1024K, 28 young (28672K), 4 survivors (4096K)
 Metaspace       used 84111K, capacity 86425K, committed 86612K, reserved 591872K
  class space    used 11001K, capacity 11914K, committed 12032K, reserved 516096K
}
Event: 106.499 GC heap after
{Heap after GC invocations=33 (full 0):
 garbage-first heap   total 131072K, used 77185K [0x0000000080000000, 0x0000000100000000)
  region size 1024K, 3 young (3072K), 3 survivors (3072K)
 Metaspace       used 84111K, capacity 86425K, committed 86612K, reserved 591872K
  class space    used 11001K, capacity 11914K, committed 12032K, reserved 516096K
}
Event: 106.551 GC heap before
{Heap before GC invocations=33 (full 0):
 garbage-first heap   total 131072K, used 80257K [0x0000000080000000, 0x0000000100000000)
  region size 1024K, 6 young (6144K), 3 survivors (3072K)
 Metaspace       used 84111K, capacity 86425K, committed 86612K, reserved 591872K
  class space    used 11001K, capacity 11914K, committed 12032K, reserved 516096K
}
Event: 106.559 GC heap after
{Heap after GC invocations=34 (full 0):
 garbage-first heap   total 131072K, used 76495K [0x0000000080000000, 0x0000000100000000)
  region size 1024K, 1 young (1024K), 1 survivors (1024K)
 Metaspace       used 84111K, capacity 86425K, committed 86612K, reserved 591872K
  class space    used 11001K, capacity 11914K, committed 12032K, reserved 516096K
}
Event: 107.133 GC heap before
{Heap before GC invocations=34 (full 0):
 garbage-first heap   total 131072K, used 102095K [0x0000000080000000, 0x0000000100000000)
  region size 1024K, 26 young (26624K), 1 survivors (1024K)
 Metaspace       used 84238K, capacity 86472K, committed 86612K, reserved 591872K
  class space    used 11019K, capacity 11952K, committed 12032K, reserved 516096K
}
Event: 107.140 GC heap after
{Heap after GC invocations=35 (full 0):
 garbage-first heap   total 131072K, used 78280K [0x0000000080000000, 0x0000000100000000)
  region size 1024K, 3 young (3072K), 3 survivors (3072K)
 Metaspace       used 84238K, capacity 86472K, committed 86612K, reserved 591872K
  class space    used 11019K, capacity 11952K, committed 12032K, reserved 516096K
}

Deoptimization events (10 events):
Event: 106.119 Thread 0x00000162b142a000 Uncommon trap: reason=unstable_if action=reinterpret pc=0x00000162a0d79bf4 method=jdk.internal.org.objectweb.asm.Type.getType([CI)Ljdk/internal/org/objectweb/asm/Type; @ 3 c2
Event: 106.209 Thread 0x00000162b142a000 Uncommon trap: reason=unstable_if action=reinterpret pc=0x00000162a0c21fe0 method=java.util.StringJoiner.add(Ljava/lang/CharSequence;)Ljava/util/StringJoiner; @ 33 c2
Event: 106.613 Thread 0x00000162b142a000 Uncommon trap: reason=null_check action=make_not_entrant pc=0x00000162a0d459e4 method=com.sun.beans.introspect.MethodInfo$MethodOrder.compare(Ljava/lang/reflect/Method;Ljava/lang/reflect/Method;)I @ 133 c2
Event: 106.845 Thread 0x00000162b142a000 Uncommon trap: reason=null_check action=make_not_entrant pc=0x00000162a10097c0 method=com.sun.beans.introspect.MethodInfo$MethodOrder.compare(Ljava/lang/reflect/Method;Ljava/lang/reflect/Method;)I @ 145 c2
Event: 106.934 Thread 0x00000162b142a000 Uncommon trap: reason=null_check action=make_not_entrant pc=0x00000162a1006268 method=java.lang.PublicMethods$MethodList.getMostSpecific()Ljava/lang/reflect/Method; @ 41 c2
Event: 107.369 Thread 0x00000162b1ec0000 Uncommon trap: reason=unstable_if action=reinterpret pc=0x00000162a0f47430 method=java.lang.AbstractStringBuilder.append(Ljava/lang/String;)Ljava/lang/AbstractStringBuilder; @ 1 c2
Event: 107.370 Thread 0x00000162b1ec0000 Uncommon trap: reason=unstable_if action=reinterpret pc=0x00000162a0fa3b80 method=java.lang.AbstractStringBuilder.append(Ljava/lang/String;)Ljava/lang/AbstractStringBuilder; @ 1 c2
Event: 123.336 Thread 0x00000162b142a000 Uncommon trap: reason=class_check action=maybe_recompile pc=0x00000162a0e7bcec method=com.google.common.collect.ComparatorOrdering.compare(Ljava/lang/Object;Ljava/lang/Object;)I @ 6 c2
Event: 123.506 Thread 0x00000162b142a000 Uncommon trap: reason=class_check action=maybe_recompile pc=0x00000162a0d8f79c method=java.lang.Class.createAnnotationData(I)Ljava/lang/Class$AnnotationData; @ 103 c2
Event: 123.511 Thread 0x00000162b142a000 Uncommon trap: reason=class_check action=maybe_recompile pc=0x00000162a0d8f79c method=java.lang.Class.createAnnotationData(I)Ljava/lang/Class$AnnotationData; @ 103 c2

Classes redefined (0 events):
No events

Internal exceptions (10 events):
Event: 123.433 Thread 0x00000162b142a000 Exception <a 'java/lang/ClassNotFoundException'{0x00000000875543a0}: com/android/build/gradle/internal/api/DefaultAndroidSourceSetCustomizer> (0x00000000875543a0) thrown at [./open/src/hotspot/share/classfile/systemDictionary.cpp, line 226]
Event: 123.444 Thread 0x00000162b142a000 Exception <a 'java/lang/ClassNotFoundException'{0x00000000875c92d0}: com/android/build/gradle/internal/api/DefaultAndroidSourceSet_DecoratedCustomizer> (0x00000000875c92d0) thrown at [./open/src/hotspot/share/classfile/systemDictionary.cpp, line 226]
Event: 123.475 Thread 0x00000162b142a000 Exception <a 'java/lang/ClassNotFoundException'{0x00000000874920f8}: com/android/build/gradle/internal/api/DefaultAndroidSourceDirectorySetBeanInfo> (0x00000000874920f8) thrown at [./open/src/hotspot/share/classfile/systemDictionary.cpp, line 226]
Event: 123.477 Thread 0x00000162b142a000 Exception <a 'java/lang/ClassNotFoundException'{0x00000000874b1350}: com/android/build/gradle/internal/api/DefaultAndroidSourceDirectorySetCustomizer> (0x00000000874b1350) thrown at [./open/src/hotspot/share/classfile/systemDictionary.cpp, line 226]
Event: 123.488 Thread 0x00000162b142a000 Exception <a 'java/lang/ClassNotFoundException'{0x00000000873df528}: com/google/common/collect/SingletonImmutableSetBeanInfo> (0x00000000873df528) thrown at [./open/src/hotspot/share/classfile/systemDictionary.cpp, line 226]
Event: 123.492 Thread 0x00000162b142a000 Exception <a 'java/lang/ClassNotFoundException'{0x00000000873f9860}: com/google/common/collect/ImmutableSetBeanInfo> (0x00000000873f9860) thrown at [./open/src/hotspot/share/classfile/systemDictionary.cpp, line 226]
Event: 123.493 Thread 0x00000162b142a000 Exception <a 'java/lang/ClassNotFoundException'{0x0000000087215100}: com/google/common/collect/ImmutableCollectionBeanInfo> (0x0000000087215100) thrown at [./open/src/hotspot/share/classfile/systemDictionary.cpp, line 226]
Event: 123.494 Thread 0x00000162b142a000 Exception <a 'java/lang/ClassNotFoundException'{0x00000000872306a0}: com/google/common/collect/ImmutableCollectionCustomizer> (0x00000000872306a0) thrown at [./open/src/hotspot/share/classfile/systemDictionary.cpp, line 226]
Event: 123.506 Thread 0x00000162b142a000 Exception <a 'java/lang/ClassNotFoundException'{0x000000008728c9c8}: com/google/common/collect/ImmutableSetCustomizer> (0x000000008728c9c8) thrown at [./open/src/hotspot/share/classfile/systemDictionary.cpp, line 226]
Event: 123.511 Thread 0x00000162b142a000 Exception <a 'java/lang/ClassNotFoundException'{0x00000000872bf698}: com/google/common/collect/SingletonImmutableSetCustomizer> (0x00000000872bf698) thrown at [./open/src/hotspot/share/classfile/systemDictionary.cpp, line 226]

Events (10 events):
Event: 123.776 loading class com/android/build/gradle/internal/scope/InternalArtifactType$APK_ZIP
Event: 123.776 loading class com/android/build/gradle/internal/scope/InternalArtifactType$APK_ZIP done
Event: 123.777 loading class com/android/build/gradle/internal/scope/InternalArtifactType$APKS_FROM_BUNDLE
Event: 123.777 loading class com/android/build/gradle/internal/scope/InternalArtifactType$APKS_FROM_BUNDLE done
Event: 123.777 loading class com/android/build/gradle/internal/scope/InternalArtifactType$PACKAGED_DEPENDENCIES
Event: 123.777 loading class com/android/build/gradle/internal/scope/InternalArtifactType$PACKAGED_DEPENDENCIES done
Event: 123.778 loading class com/android/build/api/artifact/SingleArtifact$BUNDLE
Event: 123.778 loading class com/android/build/api/artifact/SingleArtifact$BUNDLE done
Event: 123.779 loading class com/android/build/gradle/internal/scope/InternalArtifactType$FEATURE_SET_METADATA
Event: 123.779 loading class com/android/build/gradle/internal/scope/InternalArtifactType$FEATURE_SET_METADATA done


Dynamic libraries:
0x00007ff7c9660000 - 0x00007ff7c966f000 	C:\Program Files\Java\jdk-11.0.17\bin\java.exe
0x00007ffd58d00000 - 0x00007ffd58ef0000 	C:\Windows\SYSTEM32\ntdll.dll
0x00007ffd57620000 - 0x00007ffd576d2000 	C:\Windows\System32\KERNEL32.DLL
0x00007ffd55fb0000 - 0x00007ffd56255000 	C:\Windows\System32\KERNELBASE.dll
0x00007ffd56b90000 - 0x00007ffd56c8a000 	C:\Windows\System32\ucrtbase.dll
0x00007ffd4f420000 - 0x00007ffd4f438000 	C:\Program Files\Java\jdk-11.0.17\bin\jli.dll
0x00007ffd58130000 - 0x00007ffd581d3000 	C:\Windows\System32\ADVAPI32.dll
0x00007ffd58590000 - 0x00007ffd5862e000 	C:\Windows\System32\msvcrt.dll
0x00007ffd57940000 - 0x00007ffd579d7000 	C:\Windows\System32\sechost.dll
0x00007ffd576e0000 - 0x00007ffd57800000 	C:\Windows\System32\RPCRT4.dll
0x00007ffd583f0000 - 0x00007ffd58584000 	C:\Windows\System32\USER32.dll
0x00007ffd55ec0000 - 0x00007ffd55ee1000 	C:\Windows\System32\win32u.dll
0x00007ffd57830000 - 0x00007ffd57856000 	C:\Windows\System32\GDI32.dll
0x00007ffd56260000 - 0x00007ffd563f6000 	C:\Windows\System32\gdi32full.dll
0x00007ffd55ef0000 - 0x00007ffd55f8e000 	C:\Windows\System32\msvcp_win.dll
0x00007ffd4ed90000 - 0x00007ffd4eda5000 	C:\Program Files\Java\jdk-11.0.17\bin\VCRUNTIME140.dll
0x00007ffd55940000 - 0x00007ffd5594a000 	C:\Windows\SYSTEM32\VERSION.dll
0x00007ffd472c0000 - 0x00007ffd47544000 	C:\Windows\WinSxS\amd64_microsoft.windows.common-controls_6595b64144ccf1df_6.0.18362.1256_none_9e7e379be45e40e2\COMCTL32.dll
0x00007ffd58630000 - 0x00007ffd58966000 	C:\Windows\System32\combase.dll
0x00007ffd56c90000 - 0x00007ffd56d11000 	C:\Windows\System32\bcryptPrimitives.dll
0x00007ffd57800000 - 0x00007ffd5782e000 	C:\Windows\System32\IMM32.DLL
0x00007ffd55950000 - 0x00007ffd55986000 	C:\Windows\system32\DriverStore\FileRepository\nvdmi.inf_amd64_b79991c48f5211ac\nvinitx.dll
0x00007ffd57a40000 - 0x00007ffd58127000 	C:\Windows\System32\Shell32.dll
0x00007ffd55dc0000 - 0x00007ffd55e0a000 	C:\Windows\System32\cfgmgr32.dll
0x00007ffd58c10000 - 0x00007ffd58cb9000 	C:\Windows\System32\shcore.dll
0x00007ffd56400000 - 0x00007ffd56b81000 	C:\Windows\System32\windows.storage.dll
0x00007ffd55c40000 - 0x00007ffd55c63000 	C:\Windows\System32\profapi.dll
0x00007ffd55bb0000 - 0x00007ffd55bfa000 	C:\Windows\System32\powrprof.dll
0x00007ffd55ba0000 - 0x00007ffd55bb0000 	C:\Windows\System32\UMPDC.dll
0x00007ffd579e0000 - 0x00007ffd57a32000 	C:\Windows\System32\shlwapi.dll
0x00007ffd55c20000 - 0x00007ffd55c31000 	C:\Windows\System32\kernel.appcore.dll
0x00007ffd55f90000 - 0x00007ffd55fa7000 	C:\Windows\System32\cryptsp.dll
0x0000000060750000 - 0x0000000060756000 	C:\Program Files\NVIDIA Corporation\CoProcManager\_etoured.dll
0x00007ffd4bc30000 - 0x00007ffd4bc73000 	C:\Program Files\NVIDIA Corporation\CoProcManager\nvd3d9wrapx.dll
0x00007ffd57070000 - 0x00007ffd574e0000 	C:\Windows\System32\SETUPAPI.dll
0x00007ffd56d80000 - 0x00007ffd56da6000 	C:\Windows\System32\bcrypt.dll
0x00007ffd54730000 - 0x00007ffd54750000 	C:\Windows\SYSTEM32\dxcore.dll
0x00007ffd4bbe0000 - 0x00007ffd4bc0d000 	C:\Program Files\NVIDIA Corporation\CoProcManager\nvdxgiwrapx.dll
0x000000005f670000 - 0x000000005f67c000 	C:\Program Files (x86)\360\Total Security\safemon\SafeWrapper.dll
0x00007ffd4ecc0000 - 0x00007ffd4ed52000 	C:\Program Files (x86)\360\Total Security\safemon\libzdtp64.dll
0x00007ffd4ec20000 - 0x00007ffd4ecbb000 	C:\Program Files\Java\jdk-11.0.17\bin\msvcp140.dll
0x00007ffd1f780000 - 0x00007ffd2029a000 	C:\Program Files\Java\jdk-11.0.17\bin\server\jvm.dll
0x00007ffd582b0000 - 0x00007ffd582b8000 	C:\Windows\System32\PSAPI.DLL
0x00007ffd17950000 - 0x00007ffd17959000 	C:\Windows\SYSTEM32\WSOCK32.dll
0x00007ffd58370000 - 0x00007ffd583df000 	C:\Windows\System32\WS2_32.dll
0x00007ffd53b00000 - 0x00007ffd53b24000 	C:\Windows\SYSTEM32\WINMM.dll
0x00007ffd53760000 - 0x00007ffd5378d000 	C:\Windows\SYSTEM32\WINMMBASE.dll
0x00007ffd4ed80000 - 0x00007ffd4ed90000 	C:\Program Files\Java\jdk-11.0.17\bin\verify.dll
0x00007ffd3fc00000 - 0x00007ffd3fdf4000 	C:\Windows\SYSTEM32\DBGHELP.DLL
0x00007ffd40670000 - 0x00007ffd4069a000 	C:\Windows\SYSTEM32\dbgcore.DLL
0x00007ffd4ebf0000 - 0x00007ffd4ec18000 	C:\Program Files\Java\jdk-11.0.17\bin\java.dll
0x00007ffd4ed70000 - 0x00007ffd4ed7a000 	C:\Program Files\Java\jdk-11.0.17\bin\jimage.dll
0x00007ffd4ebd0000 - 0x00007ffd4ebe6000 	C:\Program Files\Java\jdk-11.0.17\bin\zip.dll
0x00007ffd4ebb0000 - 0x00007ffd4ebc9000 	C:\Program Files\Java\jdk-11.0.17\bin\net.dll
0x00007ffd46650000 - 0x00007ffd46740000 	C:\Windows\SYSTEM32\WINHTTP.dll
0x00007ffd552e0000 - 0x00007ffd55347000 	C:\Windows\system32\mswsock.dll
0x00007ffd4eb90000 - 0x00007ffd4eba2000 	C:\Program Files\Java\jdk-11.0.17\bin\nio.dll
0x00007ffd36040000 - 0x00007ffd36067000 	C:\Users\alaqsa\.gradle\native\e1d6ef7f7dcc3fd88c89a11ec53ec762bb8ba0a96d01ffa2cd45eb1d1d8dd5c5\windows-amd64\native-platform.dll
0x00007ffd20a20000 - 0x00007ffd20b64000 	C:\Users\alaqsa\.gradle\native\0d407fdbe67a94daf76414ababcb853783967236a71b16ec16e742cd7a986fd3\windows-amd64\native-platform-file-events.dll
0x00007ffd30f30000 - 0x00007ffd30f39000 	C:\Program Files\Java\jdk-11.0.17\bin\management.dll
0x00007ffd267f0000 - 0x00007ffd267fb000 	C:\Program Files\Java\jdk-11.0.17\bin\management_ext.dll
0x00007ffd54e50000 - 0x00007ffd54e83000 	C:\Windows\system32\rsaenh.dll
0x00007ffd55a80000 - 0x00007ffd55aa5000 	C:\Windows\SYSTEM32\USERENV.dll
0x00007ffd554b0000 - 0x00007ffd554bc000 	C:\Windows\SYSTEM32\CRYPTBASE.dll
0x00007ffd54ff0000 - 0x00007ffd5502a000 	C:\Windows\SYSTEM32\IPHLPAPI.DLL
0x00007ffd583e0000 - 0x00007ffd583e8000 	C:\Windows\System32\NSI.dll
0x00007ffd4bc10000 - 0x00007ffd4bc26000 	C:\Windows\SYSTEM32\dhcpcsvc6.DLL
0x00007ffd4bd10000 - 0x00007ffd4bd2c000 	C:\Windows\SYSTEM32\dhcpcsvc.DLL
0x00007ffd55030000 - 0x00007ffd550fb000 	C:\Windows\SYSTEM32\DNSAPI.dll

dbghelp: loaded successfully - version: 4.0.5 - missing functions: none
symbol engine: initialized successfully - sym options: 0x614 - pdb path: .;C:\Program Files\Java\jdk-11.0.17\bin;C:\Windows\SYSTEM32;C:\Windows\WinSxS\amd64_microsoft.windows.common-controls_6595b64144ccf1df_6.0.18362.1256_none_9e7e379be45e40e2;C:\Windows\system32\DriverStore\FileRepository\nvdmi.inf_amd64_b79991c48f5211ac;C:\Program Files\NVIDIA Corporation\CoProcManager;C:\Program Files (x86)\360\Total Security\safemon;C:\Program Files\Java\jdk-11.0.17\bin\server;C:\Users\alaqsa\.gradle\native\e1d6ef7f7dcc3fd88c89a11ec53ec762bb8ba0a96d01ffa2cd45eb1d1d8dd5c5\windows-amd64;C:\Users\alaqsa\.gradle\native\0d407fdbe67a94daf76414ababcb853783967236a71b16ec16e742cd7a986fd3\windows-amd64

VM Arguments:
jvm_args: -XX:MaxMetaspaceSize=512m --add-opens=java.base/java.util=ALL-UNNAMED --add-opens=java.base/java.lang=ALL-UNNAMED --add-opens=java.base/java.lang.invoke=ALL-UNNAMED --add-opens=java.base/java.util=ALL-UNNAMED --add-opens=java.prefs/java.util.prefs=ALL-UNNAMED --add-opens=java.prefs/java.util.prefs=ALL-UNNAMED --add-opens=java.base/java.nio.charset=ALL-UNNAMED --add-opens=java.base/java.net=ALL-UNNAMED --add-opens=java.base/java.util.concurrent.atomic=ALL-UNNAMED -Xmx2048m -Dfile.encoding=windows-1252 -Duser.country=US -Duser.language=en -Duser.variant 
java_command: org.gradle.launcher.daemon.bootstrap.GradleDaemon 7.5.1
java_class_path (initial): C:\Users\alaqsa\.gradle\wrapper\dists\gradle-7.5.1-all\1ehga6e77gqps5uk2kc5kf1vc\gradle-7.5.1\lib\gradle-launcher-7.5.1.jar
Launcher Type: SUN_STANDARD

[Global flags]
     intx CICompilerCount                          = 3                                         {product} {ergonomic}
   size_t CompressedClassSpaceSize                 = 528482304                                 {product} {ergonomic}
     uint ConcGCThreads                            = 1                                         {product} {ergonomic}
     uint G1ConcRefinementThreads                  = 4                                         {product} {ergonomic}
   size_t G1HeapRegionSize                         = 1048576                                   {product} {ergonomic}
    uintx GCDrainStackTargetSize                   = 64                                        {product} {ergonomic}
   size_t InitialHeapSize                          = 134217728                                 {product} {ergonomic}
   size_t MarkStackSize                            = 4194304                                   {product} {ergonomic}
   size_t MaxHeapSize                              = 2147483648                                {product} {command line}
   size_t MaxMetaspaceSize                         = 536870912                                 {product} {command line}
   size_t MaxNewSize                               = 1287651328                                {product} {ergonomic}
   size_t MinHeapDeltaBytes                        = 1048576                                   {product} {ergonomic}
    uintx NonNMethodCodeHeapSize                   = 5830732                                {pd product} {ergonomic}
    uintx NonProfiledCodeHeapSize                  = 122913754                              {pd product} {ergonomic}
    uintx ProfiledCodeHeapSize                     = 122913754                              {pd product} {ergonomic}
    uintx ReservedCodeCacheSize                    = 251658240                              {pd product} {ergonomic}
     bool SegmentedCodeCache                       = true                                      {product} {ergonomic}
     bool UseCompressedClassPointers               = true                                 {lp64_product} {ergonomic}
     bool UseCompressedOops                        = true                                 {lp64_product} {ergonomic}
     bool UseG1GC                                  = true                                      {product} {ergonomic}
     bool UseLargePagesIndividualAllocation        = false                                  {pd product} {ergonomic}

Logging:
Log output configuration:
 #0: stdout all=warning uptime,level,tags
 #1: stderr all=off uptime,level,tags

Environment Variables:
JAVA_HOME=C:\Program Files\Java\jdk-11.0.17
CLASSPATH=E:\rnprojects\NewProject\android\\gradle\wrapper\gradle-wrapper.jar
PATH=E:\rnprojects\NewProject\android\node_modules\.bin;E:\rnprojects\NewProject\node_modules\.bin;E:\rnprojects\node_modules\.bin;E:\node_modules\.bin;C:\Program Files\nodejs;E:\rnprojects\NewProject\node_modules\.bin;E:\rnprojects\node_modules\.bin;E:\node_modules\.bin;C:\Users\alaqsa\AppData\Roaming\npm\node_modules\npm\node_modules\@npmcli\run-script\lib\node-gyp-bin;C:\Program Files\Common Files\Oracle\Java\javapath;C:\Windows\system32;C:\Windows;C:\Windows\System32\Wbem;C:\Windows\System32\WindowsPowerShell\v1.0\;C:\Windows\System32\OpenSSH\;C:\Program Files (x86)\NVIDIA Corporation\PhysX\Common;C:\Program Files\Git\cmd;C:\Program Files\nodejs\;C:\Users\alaqsa\AppData\Local\Microsoft\WindowsApps;C:\Users\alaqsa\AppData\Roaming\npm;C:\Users\alaqsa\AppData\Local\Android\Sdk;C:\Users\alaqsa\AppData\Local\Android\Sdk\platform-tools;C:\Users\alaqsa\AppData\Local\Android\Sdk\build-tools;C:\Users\alaqsa\AppData\Local\Android\Sdk\emulator;C:\Users\alaqsa\AppData\Local\Programs\Microsoft VS Code\bin;C:\Program Files\Java\jdk-11.0.17\bin
USERNAME=alaqsa
OS=Windows_NT
PROCESSOR_IDENTIFIER=Intel64 Family 6 Model 42 Stepping 7, GenuineIntel



---------------  S Y S T E M  ---------------

OS: Windows 10 , 64 bit Build 18362 (10.0.18362.1110)

CPU:total 4 (initial active 4) (2 cores per cpu, 2 threads per core) family 6 model 42 stepping 7 microcode 0x2e, cmov, cx8, fxsr, mmx, sse, sse2, sse3, ssse3, sse4.1, sse4.2, popcnt, avx, aes, clmul, ht, tsc, tscinvbit

Memory: 4k page, system-wide physical 8098M (2068M free)
TotalPageFile size 11042M (AvailPageFile size 4394M)
current process WorkingSet (physical memory assigned to process): 361M, peak: 369M
current process commit charge ("private bytes"): 398M, peak: 407M

vm_info: Java HotSpot(TM) 64-Bit Server VM (11.0.17+10-LTS-269) for windows-amd64 JRE (11.0.17+10-LTS-269), built on Sep 13 2022 19:26:37 by "mach5one" with MS VC++ 15.9 (VS2017)

END.
